<?xml version="1.0" encoding="UTF-8"?>
<testng-results ignored="0" total="1" passed="1" failed="0" skipped="0">
  <reporter-output>
  </reporter-output>
  <suite started-at="2019-05-23T10:06:40Z" name="Default suite" finished-at="2019-05-23T10:06:42Z" duration-ms="1530">
    <groups>
    </groups>
    <test started-at="2019-05-23T10:06:40Z" name="Default test" finished-at="2019-05-23T10:06:42Z" duration-ms="1530">
      <class name="restAPIAutomation.TC001_GET_Request">
        <test-method signature="getWeatherDetails()[pri:0, instance:restAPIAutomation.TC001_GET_Request@15bb6bea]" started-at="2019-05-23T10:06:40Z" name="getWeatherDetails" finished-at="2019-05-23T10:06:42Z" duration-ms="1507" status="PASS">
          <reporter-output>
          </reporter-output>
        </test-method> <!-- getWeatherDetails -->
      </class> <!-- restAPIAutomation.TC001_GET_Request -->
    </test> <!-- Default test -->
  </suite> <!-- Default suite -->
</testng-results>
